# JRE version: OpenJDK Runtime Environment AdoptOpenJDK (11.0.8+10) (build 11.0.8+10)
# Java VM: OpenJDK 64-Bit Server VM AdoptOpenJDK (11.0.8+10, mixed mode, tiered, compressed oops, g1 gc, windows-amd64)
Heap:
 garbage-first heap   total 130048K, used 99240K [0x00000000a0e00000, 0x0000000100000000)
  region size 1024K, 76 young (77824K), 1 survivors (1024K)
 Metaspace       used 29429K, capacity 29691K, committed 29952K, reserved 1075200K
  class space    used 3139K, capacity 3218K, committed 3328K, reserved 1048576K
GC Heap History (20 events):
Event: 200.998 GC heap after
{Heap after GC invocations=51 (full 0):
 garbage-first heap   total 130048K, used 22444K [0x00000000a0e00000, 0x0000000100000000)
  region size 1024K, 1 young (1024K), 1 survivors (1024K)
 Metaspace       used 29429K, capacity 29691K, committed 29952K, reserved 1075200K
  class space    used 3139K, capacity 3218K, committed 3328K, reserved 1048576K
}
Event: 205.677 GC heap before
{Heap before GC invocations=51 (full 0):
 garbage-first heap   total 130048K, used 99244K [0x00000000a0e00000, 0x0000000100000000)
  region size 1024K, 76 young (77824K), 1 survivors (1024K)
 Metaspace       used 29429K, capacity 29691K, committed 29952K, reserved 1075200K
  class space    used 3139K, capacity 3218K, committed 3328K, reserved 1048576K
}
Event: 205.678 GC heap after
{Heap after GC invocations=52 (full 0):
 garbage-first heap   total 130048K, used 22442K [0x00000000a0e00000, 0x0000000100000000)
  region size 1024K, 1 young (1024K), 1 survivors (1024K)
 Metaspace       used 29429K, capacity 29691K, committed 29952K, reserved 1075200K
  class space    used 3139K, capacity 3218K, committed 3328K, reserved 1048576K
}
Event: 210.367 GC heap before
{Heap before GC invocations=52 (full 0):
 garbage-first heap   total 130048K, used 99242K [0x00000000a0e00000, 0x0000000100000000)
  region size 1024K, 76 young (77824K), 1 survivors (1024K)
 Metaspace       used 29429K, capacity 29691K, committed 29952K, reserved 1075200K
  class space    used 3139K, capacity 3218K, committed 3328K, reserved 1048576K
}
Event: 210.368 GC heap after
{Heap after GC invocations=53 (full 0):
 garbage-first heap   total 130048K, used 22440K [0x00000000a0e00000, 0x0000000100000000)
  region size 1024K, 1 young (1024K), 1 survivors (1024K)
 Metaspace       used 29429K, capacity 29691K, committed 29952K, reserved 1075200K
  class space    used 3139K, capacity 3218K, committed 3328K, reserved 1048576K
}
Event: 215.045 GC heap before
{Heap before GC invocations=53 (full 0):
 garbage-first heap   total 130048K, used 99240K [0x00000000a0e00000, 0x0000000100000000)
  region size 1024K, 76 young (77824K), 1 survivors (1024K)
 Metaspace       used 29429K, capacity 29691K, committed 29952K, reserved 1075200K
  class space    used 3139K, capacity 3218K, committed 3328K, reserved 1048576K
}
Event: 215.046 GC heap after
{Heap after GC invocations=54 (full 0):
 garbage-first heap   total 130048K, used 22444K [0x00000000a0e00000, 0x0000000100000000)
  region size 1024K, 1 young (1024K), 1 survivors (1024K)
 Metaspace       used 29429K, capacity 29691K, committed 29952K, reserved 1075200K
  class space    used 3139K, capacity 3218K, committed 3328K, reserved 1048576K
}
Event: 219.726 GC heap before
{Heap before GC invocations=54 (full 0):
 garbage-first heap   total 130048K, used 99244K [0x00000000a0e00000, 0x0000000100000000)
  region size 1024K, 76 young (77824K), 1 survivors (1024K)
 Metaspace       used 29429K, capacity 29691K, committed 29952K, reserved 1075200K
  class space    used 3139K, capacity 3218K, committed 3328K, reserved 1048576K
}
Event: 219.727 GC heap after
{Heap after GC invocations=55 (full 0):
 garbage-first heap   total 130048K, used 22440K [0x00000000a0e00000, 0x0000000100000000)
  region size 1024K, 1 young (1024K), 1 survivors (1024K)
 Metaspace       used 29429K, capacity 29691K, committed 29952K, reserved 1075200K
  class space    used 3139K, capacity 3218K, committed 3328K, reserved 1048576K
}
Event: 224.403 GC heap before
{Heap before GC invocations=55 (full 0):
 garbage-first heap   total 130048K, used 99240K [0x00000000a0e00000, 0x0000000100000000)
  region size 1024K, 76 young (77824K), 1 survivors (1024K)
 Metaspace       used 29429K, capacity 29691K, committed 29952K, reserved 1075200K
  class space    used 3139K, capacity 3218K, committed 3328K, reserved 1048576K
}
Event: 224.404 GC heap after
{Heap after GC invocations=56 (full 0):
 garbage-first heap   total 130048K, used 22442K [0x00000000a0e00000, 0x0000000100000000)
  region size 1024K, 1 young (1024K), 1 survivors (1024K)
 Metaspace       used 29429K, capacity 29691K, committed 29952K, reserved 1075200K
  class space    used 3139K, capacity 3218K, committed 3328K, reserved 1048576K
}
Event: 229.099 GC heap before
{Heap before GC invocations=56 (full 0):
 garbage-first heap   total 130048K, used 99242K [0x00000000a0e00000, 0x0000000100000000)
  region size 1024K, 76 young (77824K), 1 survivors (1024K)
 Metaspace       used 29429K, capacity 29691K, committed 29952K, reserved 1075200K
  class space    used 3139K, capacity 3218K, committed 3328K, reserved 1048576K
}
Event: 229.100 GC heap after
{Heap after GC invocations=57 (full 0):
 garbage-first heap   total 130048K, used 22442K [0x00000000a0e00000, 0x0000000100000000)
  region size 1024K, 1 young (1024K), 1 survivors (1024K)
 Metaspace       used 29429K, capacity 29691K, committed 29952K, reserved 1075200K
  class space    used 3139K, capacity 3218K, committed 3328K, reserved 1048576K
}
Event: 233.776 GC heap before
{Heap before GC invocations=57 (full 0):
 garbage-first heap   total 130048K, used 99242K [0x00000000a0e00000, 0x0000000100000000)
  region size 1024K, 76 young (77824K), 1 survivors (1024K)
 Metaspace       used 29429K, capacity 29691K, committed 29952K, reserved 1075200K
  class space    used 3139K, capacity 3218K, committed 3328K, reserved 1048576K
}
Event: 233.777 GC heap after
{Heap after GC invocations=58 (full 0):
 garbage-first heap   total 130048K, used 22442K [0x00000000a0e00000, 0x0000000100000000)
  region size 1024K, 1 young (1024K), 1 survivors (1024K)
 Metaspace       used 29429K, capacity 29691K, committed 29952K, reserved 1075200K
  class space    used 3139K, capacity 3218K, committed 3328K, reserved 1048576K
}
Event: 238.459 GC heap before
{Heap before GC invocations=58 (full 0):
 garbage-first heap   total 130048K, used 99242K [0x00000000a0e00000, 0x0000000100000000)
  region size 1024K, 76 young (77824K), 1 survivors (1024K)
 Metaspace       used 29429K, capacity 29691K, committed 29952K, reserved 1075200K
  class space    used 3139K, capacity 3218K, committed 3328K, reserved 1048576K
}
Event: 238.460 GC heap after
{Heap after GC invocations=59 (full 0):
 garbage-first heap   total 130048K, used 22442K [0x00000000a0e00000, 0x0000000100000000)
  region size 1024K, 1 young (1024K), 1 survivors (1024K)
 Metaspace       used 29429K, capacity 29691K, committed 29952K, reserved 1075200K
  class space    used 3139K, capacity 3218K, committed 3328K, reserved 1048576K
}
Event: 243.149 GC heap before
{Heap before GC invocations=59 (full 0):
 garbage-first heap   total 130048K, used 99242K [0x00000000a0e00000, 0x0000000100000000)
  region size 1024K, 76 young (77824K), 1 survivors (1024K)
 Metaspace       used 29429K, capacity 29691K, committed 29952K, reserved 1075200K
  class space    used 3139K, capacity 3218K, committed 3328K, reserved 1048576K
}
Event: 243.150 GC heap after
{Heap after GC invocations=60 (full 0):
 garbage-first heap   total 130048K, used 22440K [0x00000000a0e00000, 0x0000000100000000)
  region size 1024K, 1 young (1024K), 1 survivors (1024K)
 Metaspace       used 29429K, capacity 29691K, committed 29952K, reserved 1075200K
  class space    used 3139K, capacity 3218K, committed 3328K, reserved 1048576K
}
Event: 247.827 GC heap before
{Heap before GC invocations=60 (full 0):
 garbage-first heap   total 130048K, used 99240K [0x00000000a0e00000, 0x0000000100000000)
  region size 1024K, 76 young (77824K), 1 survivors (1024K)
 Metaspace       used 29429K, capacity 29691K, committed 29952K, reserved 1075200K
  class space    used 3139K, capacity 3218K, committed 3328K, reserved 1048576K
}

